Copyright 1986-2019 Xilinx, Inc. All Rights Reserved.
------------------------------------------------------------------------------------
| Tool Version : Vivado v.2019.1 (win64) Build 2552052 Fri May 24 14:49:42 MDT 2019
| Date         : Fri Jan 28 16:04:40 2022
| Host         : DESKTOP-BAGCK1D running 64-bit major release  (build 9200)
| Command      : report_control_sets -verbose -file fsm_control_sets_placed.rpt
| Design       : fsm
| Device       : xc7z020
------------------------------------------------------------------------------------

Control Set Information

Table of Contents
-----------------
1. Summary
2. Histogram
3. Flip-Flop Distribution
4. Detailed Control Set Information

1. Summary
----------

+----------------------------------------------------------+-------+
|                          Status                          | Count |
+----------------------------------------------------------+-------+
| Total control sets                                       |     9 |
|    Minimum number of control sets                        |     9 |
|    Addition due to synthesis replication                 |     0 |
|    Addition due to physical synthesis replication        |     0 |
| Unused register locations in slices containing registers |    56 |
+----------------------------------------------------------+-------+
* Control sets can be merged at opt_design using control_set_merge or merge_equivalent_drivers
** Run report_qor_suggestions for automated merging and remapping suggestions


2. Histogram
------------

+--------------------+-------+
|       Fanout       | Count |
+--------------------+-------+
| Total control sets |     9 |
| >= 0 to < 4        |     7 |
| >= 4 to < 6        |     2 |
| >= 6 to < 8        |     0 |
| >= 8 to < 10       |     0 |
| >= 10 to < 12      |     0 |
| >= 12 to < 14      |     0 |
| >= 14 to < 16      |     0 |
| >= 16              |     0 |
+--------------------+-------+
* Control sets can be remapped at either synth_design or opt_design


3. Flip-Flop Distribution
-------------------------

+--------------+-----------------------+------------------------+-----------------+--------------+
| Clock Enable | Synchronous Set/Reset | Asynchronous Set/Reset | Total Registers | Total Slices |
+--------------+-----------------------+------------------------+-----------------+--------------+
| No           | No                    | No                     |              12 |            9 |
| No           | No                    | Yes                    |               0 |            0 |
| No           | Yes                   | No                     |               0 |            0 |
| Yes          | No                    | No                     |               4 |            2 |
| Yes          | No                    | Yes                    |               0 |            0 |
| Yes          | Yes                   | No                     |               0 |            0 |
+--------------+-----------------------+------------------------+-----------------+--------------+


4. Detailed Control Set Information
-----------------------------------

+---------------------------+--------------------------------------+------------------+------------------+----------------+
|        Clock Signal       |             Enable Signal            | Set/Reset Signal | Slice Load Count | Bel Load Count |
+---------------------------+--------------------------------------+------------------+------------------+----------------+
|  led0_reg/G0              |                                      |                  |                1 |              1 |
|  p_4_out[0]               |                                      |                  |                1 |              1 |
|  flash_flag17_out         |                                      |                  |                1 |              1 |
|  alarm_flag16_out         |                                      |                  |                1 |              1 |
|  led110_out               |                                      |                  |                1 |              1 |
|  led24_out                |                                      |                  |                1 |              1 |
|  alarm_led_reg[2]_i_2_n_0 |                                      |                  |                1 |              2 |
|  clk_IBUF_BUFG            |                                      |                  |                2 |              4 |
|  clk_IBUF_BUFG            | FSM_sequential_next_state[3]_i_1_n_0 |                  |                2 |              4 |
+---------------------------+--------------------------------------+------------------+------------------+----------------+


